0 info it worked if it ends with ok
1 verbose cli [ 'node', '/usr/local/bin/npm', 'publish' ]
2 info using npm@1.1.36
3 info using node@v0.8.2
4 verbose config file /Users/tgriesser/.npmrc
5 verbose config file /usr/local/etc/npmrc
6 verbose config file /usr/local/lib/node_modules/npm/npmrc
7 verbose publish [ '.' ]
8 verbose read json /Users/tgriesser/Dropbox/GitHub/objectdump/package.json
9 verbose cache add [ '.', null ]
10 silly cache add name=undefined spec="." args=[".",null]
11 verbose parsed url { pathname: '.', path: '.', href: '.' }
12 silly lockFile 3a52ce78- .
13 verbose lock . /Users/tgriesser/.npm/3a52ce78-.lock
14 verbose read json package.json
15 verbose tar pack [ '/var/folders/ly/d53_yg297z77c_k1lcnbfpz80000gn/T/npm-82386/1344630063703-0.0973706478253007/tmp.tgz',
15 verbose tar pack   '.' ]
16 verbose tarball /var/folders/ly/d53_yg297z77c_k1lcnbfpz80000gn/T/npm-82386/1344630063703-0.0973706478253007/tmp.tgz
17 verbose folder .
18 info prepublish objectdump@0.0.1
19 silly lockFile 99c7ea30-63703-0-0973706478253007-tmp-tgz /var/folders/ly/d53_yg297z77c_k1lcnbfpz80000gn/T/npm-82386/1344630063703-0.0973706478253007/tmp.tgz
20 verbose lock /var/folders/ly/d53_yg297z77c_k1lcnbfpz80000gn/T/npm-82386/1344630063703-0.0973706478253007/tmp.tgz /Users/tgriesser/.npm/99c7ea30-63703-0-0973706478253007-tmp-tgz.lock
21 silly lockFile 99c7ea30-63703-0-0973706478253007-tmp-tgz /var/folders/ly/d53_yg297z77c_k1lcnbfpz80000gn/T/npm-82386/1344630063703-0.0973706478253007/tmp.tgz
22 verbose tar unpack /var/folders/ly/d53_yg297z77c_k1lcnbfpz80000gn/T/npm-82386/1344630063703-0.0973706478253007/tmp.tgz
23 silly lockFile ffd67a58-63703-0-0973706478253007-package /var/folders/ly/d53_yg297z77c_k1lcnbfpz80000gn/T/npm-82386/1344630063703-0.0973706478253007/package
24 verbose lock /var/folders/ly/d53_yg297z77c_k1lcnbfpz80000gn/T/npm-82386/1344630063703-0.0973706478253007/package /Users/tgriesser/.npm/ffd67a58-63703-0-0973706478253007-package.lock
25 silly gunzTarPerm modes [ '755', '644' ]
26 silly gunzTarPerm extractEntry package.json
27 silly gunzTarPerm extractEntry .npmignore
28 silly gunzTarPerm extractEntry README.md
29 silly gunzTarPerm extractEntry index.js
30 silly gunzTarPerm extractEntry .travis.yml
31 silly gunzTarPerm extractEntry test/index.js
32 verbose read json /var/folders/ly/d53_yg297z77c_k1lcnbfpz80000gn/T/npm-82386/1344630063703-0.0973706478253007/package/package.json
33 silly lockFile ffd67a58-63703-0-0973706478253007-package /var/folders/ly/d53_yg297z77c_k1lcnbfpz80000gn/T/npm-82386/1344630063703-0.0973706478253007/package
34 verbose from cache /var/folders/ly/d53_yg297z77c_k1lcnbfpz80000gn/T/npm-82386/1344630063703-0.0973706478253007/package/package.json
35 verbose tar pack [ '/Users/tgriesser/.npm/objectdump/0.0.1/package.tgz',
35 verbose tar pack   '/var/folders/ly/d53_yg297z77c_k1lcnbfpz80000gn/T/npm-82386/1344630063703-0.0973706478253007/package' ]
36 verbose tarball /Users/tgriesser/.npm/objectdump/0.0.1/package.tgz
37 verbose folder /var/folders/ly/d53_yg297z77c_k1lcnbfpz80000gn/T/npm-82386/1344630063703-0.0973706478253007/package
38 silly lockFile 8cab0cee-npm-objectdump-0-0-1-package-tgz /Users/tgriesser/.npm/objectdump/0.0.1/package.tgz
39 verbose lock /Users/tgriesser/.npm/objectdump/0.0.1/package.tgz /Users/tgriesser/.npm/8cab0cee-npm-objectdump-0-0-1-package-tgz.lock
40 silly lockFile 8cab0cee-npm-objectdump-0-0-1-package-tgz /Users/tgriesser/.npm/objectdump/0.0.1/package.tgz
41 silly lockFile ff861bea-ser-npm-objectdump-0-0-1-package /Users/tgriesser/.npm/objectdump/0.0.1/package
42 verbose lock /Users/tgriesser/.npm/objectdump/0.0.1/package /Users/tgriesser/.npm/ff861bea-ser-npm-objectdump-0-0-1-package.lock
43 silly lockFile ff861bea-ser-npm-objectdump-0-0-1-package /Users/tgriesser/.npm/objectdump/0.0.1/package
44 verbose tar unpack /Users/tgriesser/.npm/objectdump/0.0.1/package.tgz
45 silly lockFile ff861bea-ser-npm-objectdump-0-0-1-package /Users/tgriesser/.npm/objectdump/0.0.1/package
46 verbose lock /Users/tgriesser/.npm/objectdump/0.0.1/package /Users/tgriesser/.npm/ff861bea-ser-npm-objectdump-0-0-1-package.lock
47 silly gunzTarPerm modes [ '755', '644' ]
48 silly gunzTarPerm extractEntry package.json
49 silly gunzTarPerm extractEntry .npmignore
50 silly gunzTarPerm extractEntry README.md
51 silly gunzTarPerm extractEntry index.js
52 silly gunzTarPerm extractEntry .travis.yml
53 silly gunzTarPerm extractEntry test/index.js
54 verbose read json /Users/tgriesser/.npm/objectdump/0.0.1/package/package.json
55 silly lockFile ff861bea-ser-npm-objectdump-0-0-1-package /Users/tgriesser/.npm/objectdump/0.0.1/package
56 silly shasum updated bytes 2762
57 info shasum 352ffbf6d196c7b11ce846260e75270e00103b8d
57 info shasum /Users/tgriesser/.npm/objectdump/0.0.1/package.tgz
58 verbose from cache /Users/tgriesser/.npm/objectdump/0.0.1/package/package.json
59 verbose chmod /Users/tgriesser/.npm/objectdump/0.0.1/package.tgz 644
60 verbose chown /Users/tgriesser/.npm/objectdump/0.0.1/package.tgz [ 501, 20 ]
61 silly lockFile 3a52ce78- .
62 silly publish { name: 'objectdump',
62 silly publish   version: '0.0.1',
62 silly publish   description: 'stringify a javascript object, so it can be saved and read from a file',
62 silly publish   main: 'index.js',
62 silly publish   scripts: { test: 'mocha -R spec' },
62 silly publish   dependencies: { underscore: '>=1.3.1' },
62 silly publish   devDependencies: { should: '>=0.6.0', mocha: '1.0.x', chai: '1.1.x' },
62 silly publish   keywords: [ 'object', 'stringify' ],
62 silly publish   repository:
62 silly publish    { type: 'git',
62 silly publish      url: 'git://github.com/tgriesser/objectdump.git' },
62 silly publish   author: { name: 'Tim Griesser', email: 'tgriesser10@gmail.com' },
62 silly publish   license: 'MIT',
62 silly publish   readme: '[![Build Status](https://secure.travis-ci.org/tgriesser/objectdump.png)](http://travis-ci.org/tgriesser/objectdump)\n\n# objectdump\n\nTurns an object into something that can be saved to and read from the filesystem.',
62 silly publish   _id: 'objectdump@0.0.1',
62 silly publish   dist: { shasum: '352ffbf6d196c7b11ce846260e75270e00103b8d' } }
63 verbose url raw objectdump
64 verbose url resolving [ 'https://registry.npmjs.org/', './objectdump' ]
65 verbose url resolved https://registry.npmjs.org/objectdump
66 info retry registry request attempt 1 at 16:21:03
67 http PUT https://registry.npmjs.org/objectdump
68 http 409 https://registry.npmjs.org/objectdump
69 verbose url raw objectdump
70 verbose url resolving [ 'https://registry.npmjs.org/', './objectdump' ]
71 verbose url resolved https://registry.npmjs.org/objectdump
72 info retry registry request attempt 1 at 16:21:04
73 http GET https://registry.npmjs.org/objectdump
74 http 200 https://registry.npmjs.org/objectdump
75 error publish fail Cannot publish over existing version.
75 error publish fail Bump the 'version' field, set the --force flag, or
75 error publish fail     npm unpublish 'objectdump@0.0.1'
75 error publish fail and try again
76 error System Darwin 11.4.0
77 error command "node" "/usr/local/bin/npm" "publish"
78 error cwd /Users/tgriesser/Dropbox/GitHub/objectdump
79 error node -v v0.8.2
80 error npm -v 1.1.36
81 error code EPUBLISHCONFLICT
82 error message publish fail
83 verbose exit [ 1, true ]
